
> frontend@0.1.0 build
> next build

ÔÜá Warning: Next.js inferred your workspace root, but it may not be correct.
 We detected multiple lockfiles and selected the directory of C:\Users\DoQR\Documents\qreports-tool\package-lock.json as the root directory.
 To silence this warning, set `turbopack.root` in your Next.js config, or consider removing one of the lockfiles if it's not needed.
   See https://nextjs.org/docs/app/api-reference/config/next-config-js/turbopack#root-directory for more information.
 Detected additional lockfiles: 
   * C:\Users\DoQR\Documents\qreports-tool\frontend\package-lock.json

Ôû▓ Next.js 16.1.3 (Turbopack)
- Environments: .env.local

  Creating an optimized production build ...

> Build error occurred
Error: Turbopack build failed with 1 errors:
./frontend/src/app/(dashboard)/users/page.tsx:14:1
Module not found: Can't resolve '../../components/users/user-form'
  12 | import { toast } from 'sonner';
  13 | import { UserService, User } from '@/services/users/users';
> 14 | import { UserForm } from '../../components/users/user-form';
     | ^^^^^^^^^^^^^^^^^^^^^^^^^^^^^^^^^^^^^^^^^^^^^^^^^^^^^^^^^^^^
  15 |
  16 | export default function UsersPage() {
  17 |     const [users, setUsers] = useState<User[]>([]);



Import traces:
  Client Component Browser:
    ./frontend/src/app/(dashboard)/users/page.tsx [Client Component Browser]
    ./frontend/src/app/(dashboard)/users/page.tsx [Server Component]

  Client Component SSR:
    ./frontend/src/app/(dashboard)/users/page.tsx [Client Component SSR]
    ./frontend/src/app/(dashboard)/users/page.tsx [Server Component]

https://nextjs.org/docs/messages/module-not-found


    at <unknown> (./frontend/src/app/(dashboard)/users/page.tsx:14:1)
    at <unknown> (https://nextjs.org/docs/messages/module-not-found)
