
> frontend@0.1.0 build
> next build

ÔÜá Warning: Next.js inferred your workspace root, but it may not be correct.
 We detected multiple lockfiles and selected the directory of C:\Users\DoQR\Documents\qreports-tool\package-lock.json as the root directory.
 To silence this warning, set `turbopack.root` in your Next.js config, or consider removing one of the lockfiles if it's not needed.
   See https://nextjs.org/docs/app/api-reference/config/next-config-js/turbopack#root-directory for more information.
 Detected additional lockfiles: 
   * C:\Users\DoQR\Documents\qreports-tool\frontend\package-lock.json

Ôû▓ Next.js 16.1.3 (Turbopack)
- Environments: .env.local

  Creating an optimized production build ...
Ô£ô Compiled successfully in 2.8s
  Running TypeScript ...
Failed to compile.

./src/app/(dashboard)/reports/[id]/page.tsx:32:47
Type error: Type '{ initialData: any; isEditing: true; }' is not assignable to type 'IntrinsicAttributes & ReportEditorProps'.
  Property 'isEditing' does not exist on type 'IntrinsicAttributes & ReportEditorProps'.

  30 |     }
  31 |
> 32 |     return <ReportEditor initialData={report} isEditing />;
     |                                               ^
  33 | }
  34 |
Next.js build worker exited with code: 1 and signal: null
